<?xml version="1.0" encoding="UTF-8"?>
<!-- Generated by org.testng.reporters.JUnitReportReporter -->
<testsuite hostname="Amit" failures="0" tests="1" name="QualityKiosksTraining.CalculatorAPI.TestingSubtractionTestCases" time="0.000" errors="0" timestamp="2021-04-19T12:15:07 IST" skipped="0">
  <testcase classname="QualityKiosksTraining.CalculatorAPI.TestingSubtractionTestCases" name="TestSubtractionWithPositiveNumbers" time="0.000"/>
  <system-out/>
</testsuite> <!-- QualityKiosksTraining.CalculatorAPI.TestingSubtractionTestCases -->
