<?xml version="1.0" encoding="UTF-8"?>
<!-- Generated by org.testng.reporters.JUnitReportReporter -->
<testsuite hostname="Amit" failures="0" tests="3" name="QualityKiosksTraining.CalculatorAPI.AdditionTestCases" time="0.013" errors="0" timestamp="2021-04-28T11:07:30 IST" skipped="0">
  <testcase classname="QualityKiosksTraining.CalculatorAPI.AdditionTestCases" name="TestAdditionWithPositiveNumbers" time="0.010"/>
  <system-out/>
  <testcase classname="QualityKiosksTraining.CalculatorAPI.AdditionTestCases" name="TestAdditionWithOnePositiveOneNegative" time="0.001"/>
  <system-out/>
  <testcase classname="QualityKiosksTraining.CalculatorAPI.AdditionTestCases" name="TestAdditionWithZeroNumbers" time="0.002"/>
  <system-out/>
</testsuite> <!-- QualityKiosksTraining.CalculatorAPI.AdditionTestCases -->
