<?xml version="1.0" encoding="UTF-8"?>
<!-- Generated by org.testng.reporters.JUnitReportReporter -->
<testsuite hostname="Amit" failures="0" tests="5" name="QualityKiosksTraining.CalculatorAPI.TestMultiplication" time="-1619154176.000" errors="1" timestamp="2021-04-23T10:33:10 IST" skipped="4">
  <testcase classname="QualityKiosksTraining.CalculatorAPI.TestMultiplication" name="CreateResultFolder" time="-1619154176.000">
    <error message="
Parameter &#039;RequestID&#039; is required by BeforeSuite on method CreateResultFolder but has not been marked @Optional or defined
in C:\Users\Amit\eclipse-workspace\CalculatorAPI\CalculatorAPI.xml" type="org.testng.TestNGException">
      <![CDATA[org.testng.TestNGException: 
Parameter 'RequestID' is required by BeforeSuite on method CreateResultFolder but has not been marked @Optional or defined
in C:\Users\Amit\eclipse-workspace\CalculatorAPI\CalculatorAPI.xml
at org.testng.internal.Parameters.createParams(Parameters.java:268)
at org.testng.internal.Parameters.createParametersForMethod(Parameters.java:356)
at org.testng.internal.Parameters.createParameters(Parameters.java:700)
at org.testng.internal.Parameters.createConfigurationParameters(Parameters.java:166)
at org.testng.internal.ConfigInvoker.invokeConfigurations(ConfigInvoker.java:301)
at org.testng.SuiteRunner.privateRun(SuiteRunner.java:327)
at org.testng.SuiteRunner.run(SuiteRunner.java:286)
at org.testng.SuiteRunnerWorker.runSuite(SuiteRunnerWorker.java:53)
at org.testng.SuiteRunnerWorker.run(SuiteRunnerWorker.java:96)
at org.testng.TestNG.runSuitesSequentially(TestNG.java:1218)
at org.testng.TestNG.runSuitesLocally(TestNG.java:1140)
at org.testng.TestNG.runSuites(TestNG.java:1069)
at org.testng.TestNG.run(TestNG.java:1037)
at org.testng.remote.AbstractRemoteTestNG.run(AbstractRemoteTestNG.java:115)
at org.testng.remote.RemoteTestNG.initAndRun(RemoteTestNG.java:251)
at org.testng.remote.RemoteTestNG.main(RemoteTestNG.java:77)
]]>
    </error>
  </testcase> <!-- CreateResultFolder -->
  <system-out/>
  <testcase classname="QualityKiosksTraining.CalculatorAPI.TestMultiplication" name="TestMultiplicationWithPositiveNumbers" time="0.000">
    <skipped/>
  </testcase> <!-- TestMultiplicationWithPositiveNumbers -->
  <system-out/>
  <testcase classname="QualityKiosksTraining.CalculatorAPI.TestMultiplication" name="TestMultiplicationWithPositiveNumbers" time="0.000">
    <skipped/>
  </testcase> <!-- TestMultiplicationWithPositiveNumbers -->
  <system-out/>
  <testcase classname="QualityKiosksTraining.CalculatorAPI.TestMultiplication" name="TestMultiplicationWithPositiveNumbers" time="0.000">
    <skipped/>
  </testcase> <!-- TestMultiplicationWithPositiveNumbers -->
  <system-out/>
  <testcase classname="QualityKiosksTraining.CalculatorAPI.TestMultiplication" name="TestMultiplicationWithPositiveNumbers" time="0.000">
    <skipped/>
  </testcase> <!-- TestMultiplicationWithPositiveNumbers -->
  <system-out/>
</testsuite> <!-- QualityKiosksTraining.CalculatorAPI.TestMultiplication -->
