<?xml version="1.0" encoding="UTF-8"?>
<!-- Generated by org.testng.reporters.JUnitReportReporter -->
<testsuite hostname="Amit" failures="0" tests="2" name="QualityKiosksTraining.CalculatorAPI.TestDivisionFunctionality" time="0.000" errors="0" timestamp="2021-04-24T14:26:09 IST" skipped="2">
  <testcase classname="QualityKiosksTraining.CalculatorAPI.TestDivisionFunctionality" name="TestdivisionWithPositive" time="0.000">
    <skipped/>
  </testcase> <!-- TestdivisionWithPositive -->
  <system-out/>
  <testcase classname="QualityKiosksTraining.CalculatorAPI.TestDivisionFunctionality" name="TestdivisionWithNegative" time="0.000">
    <skipped/>
  </testcase> <!-- TestdivisionWithNegative -->
  <system-out/>
</testsuite> <!-- QualityKiosksTraining.CalculatorAPI.TestDivisionFunctionality -->
