<?xml version="1.0" encoding="UTF-8"?>
<!-- Generated by org.testng.reporters.JUnitReportReporter -->
<testsuite hostname="Amit" failures="0" tests="2" name="QualityKiosksTraining.CalculatorAPI.TestSubtraction" time="0.000" errors="0" timestamp="2021-04-24T14:26:09 IST" skipped="2">
  <testcase classname="QualityKiosksTraining.CalculatorAPI.TestSubtraction" name="TestSubtractionWithPositiveNumbers" time="0.000">
    <skipped/>
  </testcase> <!-- TestSubtractionWithPositiveNumbers -->
  <system-out/>
  <testcase classname="QualityKiosksTraining.CalculatorAPI.TestSubtraction" name="TestSubtractionWith1Positive1NegativeNumbers" time="0.000">
    <skipped/>
  </testcase> <!-- TestSubtractionWith1Positive1NegativeNumbers -->
  <system-out/>
</testsuite> <!-- QualityKiosksTraining.CalculatorAPI.TestSubtraction -->
